<?xml version="1.0" encoding="UTF-8"?>
<!-- Generated by org.testng.reporters.JUnitXMLReporter -->
<testsuite ignored="0" hostname="LAPTOP-BIM2FR3V" failures="0" tests="9" name="Test" time="41.43" errors="0" timestamp="2025-07-16T21:48:39 IST">
  <testcase classname="testSce.HandlingDynData" name="dynData" time="6.514"/>
  <testcase classname="testSce.ThruTextFile" name="readFrmTextFile" time="0.003"/>
  <testcase classname="testSce.CompareWT" name="readFrmTxtFile" time="0.005"/>
  <testcase classname="testSce.CompareWT" name="readFrmWT" time="7.71"/>
  <testcase classname="testSce.CompareWT" name="compareData" time="0.003"/>
  <testcase classname="testSce.ReadFrmWebTable" name="ReadwebTable" time="4.487"/>
  <testcase classname="testSce.SwitchingWin" name="switchWindow" time="11.342"/>
  <testcase classname="testSce.MouseHover" name="dragAndDrop" time="3.771"/>
  <testcase classname="testSce.MouseHover" name="datePicker" time="7.498"/>
</testsuite> <!-- Test -->
