<?xml version="1.0" encoding="UTF-8"?>
<!-- Generated by org.testng.reporters.JUnitXMLReporter -->
<testsuite ignored="1" hostname="LAPTOP-BIM2FR3V" failures="0" tests="14" name="Test" time="52.372" errors="0" timestamp="2025-05-05T16:56:49 IST">
  <testcase classname="testScenarios.HandlingDynData" name="dynData" time="10.535"/>
  <testcase classname="testScenarios.DP" name="login" time="0.009"/>
  <testcase classname="testScenarios.DP" name="login" time="0.004"/>
  <testcase classname="testScenarios.DP" name="login" time="0.002"/>
  <testcase classname="testScenarios.Rediff" name="openBrowser" time="6.173"/>
  <testcase classname="testScenarios.Rediff" name="loginRediff" time="0.489"/>
  <testcase classname="testScenarios.Rediff" name="closeBrowser" time="1.43"/>
  <testcase classname="testScenarios.SwitchingWindows" name="switchWin" time="7.54"/>
  <testcase classname="testScenarios.MouseHover" name="dragAndDrop" time="10.186"/>
  <testcase classname="testScenarios.CompareWecTable" name="readFrmTxtFile" time="0.002"/>
  <testcase classname="testScenarios.CompareWecTable" name="readFrmWebTb" time="5.368"/>
  <testcase classname="testScenarios.CompareWecTable" name="compare" time="0.0"/>
  <testcase classname="testScenarios.ReadFrmWebTable" name="ReadwebTable" time="10.507"/>
  <testcase classname="testScenarios.ThruTextFile" name="readFrmTextFile" time="0.003"/>
  <testcase classname="testScenarios.Rediff" name="loginRediff1" time="0.0">
    <ignored/>
  </testcase> <!-- loginRediff1 -->
</testsuite> <!-- Test -->
