<?xml version="1.0" encoding="UTF-8"?>
<!-- Generated by org.testng.reporters.JUnitXMLReporter -->
<testsuite ignored="0" hostname="LAPTOP-BIM2FR3V" failures="0" tests="9" name="Test" time="38.668" errors="0" timestamp="2025-07-17T22:05:50 IST">
  <testcase classname="testSce.HandlingDynData" name="dynData" time="6.289"/>
  <testcase classname="testSce.ThruTextFile" name="readFrmTextFile" time="0.005"/>
  <testcase classname="testSce.CompareWT" name="readFrmTxtFile" time="0.001"/>
  <testcase classname="testSce.CompareWT" name="readFrmWT" time="5.24"/>
  <testcase classname="testSce.CompareWT" name="compareData" time="0.001"/>
  <testcase classname="testSce.ReadFrmWebTable" name="ReadwebTable" time="6.664"/>
  <testcase classname="testSce.SwitchingWin" name="switchWindow" time="7.685"/>
  <testcase classname="testSce.MouseHover" name="dragAndDrop" time="4.317"/>
  <testcase classname="testSce.MouseHover" name="datePicker" time="8.377"/>
</testsuite> <!-- Test -->
