<?xml version="1.0" encoding="UTF-8"?>
<testng-results ignored="0" total="9" passed="9" failed="0" skipped="0">
  <reporter-output>
  </reporter-output>
  <suite started-at="2025-07-17T22:05:12 IST" name="Suite" finished-at="2025-07-17T22:05:50 IST" duration-ms="38668">
    <groups>
    </groups>
    <test started-at="2025-07-17T22:05:12 IST" name="Test" finished-at="2025-07-17T22:05:50 IST" duration-ms="38668">
      <class name="testSce.MouseHover">
        <test-method signature="dragAndDrop()[pri:1, instance:testSce.MouseHover@1ab3a8c8]" started-at="2025-07-17T22:05:38 IST" name="dragAndDrop" finished-at="2025-07-17T22:05:42 IST" duration-ms="4317" status="PASS">
          <reporter-output>
          </reporter-output>
        </test-method> <!-- dragAndDrop -->
        <test-method signature="datePicker()[pri:2, instance:testSce.MouseHover@1ab3a8c8]" started-at="2025-07-17T22:05:42 IST" name="datePicker" finished-at="2025-07-17T22:05:50 IST" duration-ms="8377" status="PASS">
          <reporter-output>
          </reporter-output>
        </test-method> <!-- datePicker -->
      </class> <!-- testSce.MouseHover -->
      <class name="testSce.ThruTextFile">
        <test-method signature="readFrmTextFile()[pri:0, instance:testSce.ThruTextFile@192d43ce]" started-at="2025-07-17T22:05:18 IST" name="readFrmTextFile" finished-at="2025-07-17T22:05:18 IST" duration-ms="5" status="PASS">
          <reporter-output>
          </reporter-output>
        </test-method> <!-- readFrmTextFile -->
      </class> <!-- testSce.ThruTextFile -->
      <class name="testSce.HandlingDynData">
        <test-method signature="dynData()[pri:0, instance:testSce.HandlingDynData@1dde4cb2]" started-at="2025-07-17T22:05:12 IST" name="dynData" finished-at="2025-07-17T22:05:18 IST" duration-ms="6289" status="PASS">
          <reporter-output>
          </reporter-output>
        </test-method> <!-- dynData -->
      </class> <!-- testSce.HandlingDynData -->
      <class name="testSce.SwitchingWin">
        <test-method signature="switchWindow()[pri:0, instance:testSce.SwitchingWin@6973b51b]" started-at="2025-07-17T22:05:30 IST" name="switchWindow" finished-at="2025-07-17T22:05:38 IST" duration-ms="7685" status="PASS">
          <reporter-output>
          </reporter-output>
        </test-method> <!-- switchWindow -->
      </class> <!-- testSce.SwitchingWin -->
      <class name="testSce.CompareWT">
        <test-method signature="readFrmTxtFile()[pri:1, instance:testSce.CompareWT@72057ecf]" started-at="2025-07-17T22:05:18 IST" name="readFrmTxtFile" finished-at="2025-07-17T22:05:18 IST" duration-ms="1" status="PASS">
          <reporter-output>
          </reporter-output>
        </test-method> <!-- readFrmTxtFile -->
        <test-method signature="readFrmWT()[pri:2, instance:testSce.CompareWT@72057ecf]" started-at="2025-07-17T22:05:18 IST" name="readFrmWT" finished-at="2025-07-17T22:05:23 IST" duration-ms="5240" status="PASS">
          <reporter-output>
          </reporter-output>
        </test-method> <!-- readFrmWT -->
        <test-method signature="compareData()[pri:3, instance:testSce.CompareWT@72057ecf]" started-at="2025-07-17T22:05:23 IST" name="compareData" finished-at="2025-07-17T22:05:23 IST" duration-ms="1" status="PASS">
          <reporter-output>
          </reporter-output>
        </test-method> <!-- compareData -->
      </class> <!-- testSce.CompareWT -->
      <class name="testSce.ReadFrmWebTable">
        <test-method signature="ReadwebTable()[pri:0, instance:testSce.ReadFrmWebTable@1afd44cb]" started-at="2025-07-17T22:05:23 IST" name="ReadwebTable" finished-at="2025-07-17T22:05:30 IST" duration-ms="6664" status="PASS">
          <reporter-output>
          </reporter-output>
        </test-method> <!-- ReadwebTable -->
      </class> <!-- testSce.ReadFrmWebTable -->
    </test> <!-- Test -->
  </suite> <!-- Suite -->
</testng-results>
