<?xml version="1.0" encoding="UTF-8"?>
<testng-results ignored="1" total="15" passed="14" failed="0" skipped="0">
  <reporter-output>
  </reporter-output>
  <suite started-at="2025-05-05T16:55:57 IST" name="Suite" finished-at="2025-05-05T16:56:49 IST" duration-ms="52372">
    <groups>
    </groups>
    <test started-at="2025-05-05T16:55:57 IST" name="Test" finished-at="2025-05-05T16:56:49 IST" duration-ms="52372">
      <class name="testScenarios.SwitchingWindows">
        <test-method signature="switchWin()[pri:0, instance:testScenarios.SwitchingWindows@5e0826e7]" started-at="2025-05-05T16:56:16 IST" name="switchWin" finished-at="2025-05-05T16:56:23 IST" duration-ms="7540" status="PASS">
          <reporter-output>
          </reporter-output>
        </test-method> <!-- switchWin -->
      </class> <!-- testScenarios.SwitchingWindows -->
      <class name="testScenarios.Rediff">
        <test-method signature="openBrowser()[pri:1, instance:testScenarios.Rediff@6dc17b83]" started-at="2025-05-05T16:56:08 IST" name="openBrowser" description="Launch Rediff" finished-at="2025-05-05T16:56:14 IST" duration-ms="6173" status="PASS">
          <reporter-output>
          </reporter-output>
        </test-method> <!-- openBrowser -->
        <test-method signature="loginRediff()[pri:2, instance:testScenarios.Rediff@6dc17b83]" started-at="2025-05-05T16:56:14 IST" name="loginRediff" description="Login Rediff-Soft Assert" finished-at="2025-05-05T16:56:14 IST" duration-ms="489" status="PASS">
          <reporter-output>
          </reporter-output>
        </test-method> <!-- loginRediff -->
        <test-method signature="closeBrowser()[pri:3, instance:testScenarios.Rediff@6dc17b83]" started-at="2025-05-05T16:56:14 IST" name="closeBrowser" description="Close Rediff" finished-at="2025-05-05T16:56:16 IST" duration-ms="1430" status="PASS">
          <reporter-output>
          </reporter-output>
        </test-method> <!-- closeBrowser -->
      </class> <!-- testScenarios.Rediff -->
      <class name="testScenarios.MouseHover">
        <test-method signature="dragAndDrop()[pri:0, instance:testScenarios.MouseHover@32eff876]" started-at="2025-05-05T16:56:23 IST" name="dragAndDrop" finished-at="2025-05-05T16:56:33 IST" duration-ms="10186" status="PASS">
          <reporter-output>
          </reporter-output>
        </test-method> <!-- dragAndDrop -->
      </class> <!-- testScenarios.MouseHover -->
      <class name="testScenarios.DP">
        <test-method signature="login(java.lang.String,java.lang.String)[pri:0, instance:testScenarios.DP@5fdcaa40]" started-at="2025-05-05T16:56:08 IST" name="login" data-provider="data" finished-at="2025-05-05T16:56:08 IST" duration-ms="9" status="PASS">
          <params>
            <param index="0">
              <value>
                <![CDATA[jack]]>
              </value>
            </param>
            <param index="1">
              <value>
                <![CDATA[jack123]]>
              </value>
            </param>
          </params>
          <reporter-output>
          </reporter-output>
        </test-method> <!-- login -->
        <test-method signature="login(java.lang.String,java.lang.String)[pri:0, instance:testScenarios.DP@5fdcaa40]" started-at="2025-05-05T16:56:08 IST" name="login" data-provider="data" finished-at="2025-05-05T16:56:08 IST" duration-ms="4" status="PASS">
          <params>
            <param index="0">
              <value>
                <![CDATA[riya]]>
              </value>
            </param>
            <param index="1">
              <value>
                <![CDATA[riya222]]>
              </value>
            </param>
          </params>
          <reporter-output>
          </reporter-output>
        </test-method> <!-- login -->
        <test-method signature="login(java.lang.String,java.lang.String)[pri:0, instance:testScenarios.DP@5fdcaa40]" started-at="2025-05-05T16:56:08 IST" name="login" data-provider="data" finished-at="2025-05-05T16:56:08 IST" duration-ms="2" status="PASS">
          <params>
            <param index="0">
              <value>
                <![CDATA[tani]]>
              </value>
            </param>
            <param index="1">
              <value>
                <![CDATA[tani222]]>
              </value>
            </param>
          </params>
          <reporter-output>
          </reporter-output>
        </test-method> <!-- login -->
      </class> <!-- testScenarios.DP -->
      <class name="testScenarios.HandlingDynData">
        <test-method signature="dynData()[pri:0, instance:testScenarios.HandlingDynData@42e99e4a]" started-at="2025-05-05T16:55:57 IST" name="dynData" finished-at="2025-05-05T16:56:08 IST" duration-ms="10535" status="PASS">
          <reporter-output>
          </reporter-output>
        </test-method> <!-- dynData -->
      </class> <!-- testScenarios.HandlingDynData -->
      <class name="testScenarios.ReadFrmWebTable">
        <test-method signature="ReadwebTable()[pri:0, instance:testScenarios.ReadFrmWebTable@6e20b53a]" started-at="2025-05-05T16:56:39 IST" name="ReadwebTable" finished-at="2025-05-05T16:56:49 IST" duration-ms="10507" status="PASS">
          <reporter-output>
          </reporter-output>
        </test-method> <!-- ReadwebTable -->
      </class> <!-- testScenarios.ReadFrmWebTable -->
      <class name="testScenarios.CompareWecTable">
        <test-method signature="readFrmTxtFile()[pri:1, instance:testScenarios.CompareWecTable@8dbdac1]" started-at="2025-05-05T16:56:33 IST" name="readFrmTxtFile" finished-at="2025-05-05T16:56:33 IST" duration-ms="2" status="PASS">
          <reporter-output>
          </reporter-output>
        </test-method> <!-- readFrmTxtFile -->
        <test-method signature="readFrmWebTb()[pri:2, instance:testScenarios.CompareWecTable@8dbdac1]" started-at="2025-05-05T16:56:33 IST" name="readFrmWebTb" finished-at="2025-05-05T16:56:39 IST" duration-ms="5368" status="PASS">
          <reporter-output>
          </reporter-output>
        </test-method> <!-- readFrmWebTb -->
        <test-method signature="compare()[pri:3, instance:testScenarios.CompareWecTable@8dbdac1]" started-at="2025-05-05T16:56:39 IST" name="compare" finished-at="2025-05-05T16:56:39 IST" duration-ms="0" status="PASS">
          <reporter-output>
          </reporter-output>
        </test-method> <!-- compare -->
      </class> <!-- testScenarios.CompareWecTable -->
      <class name="testScenarios.ThruTextFile">
        <test-method signature="readFrmTextFile()[pri:0, instance:testScenarios.ThruTextFile@71809907]" started-at="2025-05-05T16:56:49 IST" name="readFrmTextFile" finished-at="2025-05-05T16:56:49 IST" duration-ms="3" status="PASS">
          <reporter-output>
          </reporter-output>
        </test-method> <!-- readFrmTextFile -->
      </class> <!-- testScenarios.ThruTextFile -->
    </test> <!-- Test -->
  </suite> <!-- Suite -->
</testng-results>
