<?xml version="1.0" encoding="UTF-8"?>
<testng-results ignored="0" total="9" passed="9" failed="0" skipped="0">
  <reporter-output>
  </reporter-output>
  <suite started-at="2025-07-16T21:47:58 IST" name="Suite" finished-at="2025-07-16T21:48:39 IST" duration-ms="41430">
    <groups>
    </groups>
    <test started-at="2025-07-16T21:47:58 IST" name="Test" finished-at="2025-07-16T21:48:39 IST" duration-ms="41430">
      <class name="testSce.MouseHover">
        <test-method signature="dragAndDrop()[pri:1, instance:testSce.MouseHover@7722c3c3]" started-at="2025-07-16T21:48:28 IST" name="dragAndDrop" finished-at="2025-07-16T21:48:32 IST" duration-ms="3771" status="PASS">
          <reporter-output>
          </reporter-output>
        </test-method> <!-- dragAndDrop -->
        <test-method signature="datePicker()[pri:2, instance:testSce.MouseHover@7722c3c3]" started-at="2025-07-16T21:48:32 IST" name="datePicker" finished-at="2025-07-16T21:48:39 IST" duration-ms="7498" status="PASS">
          <reporter-output>
          </reporter-output>
        </test-method> <!-- datePicker -->
      </class> <!-- testSce.MouseHover -->
      <class name="testSce.ThruTextFile">
        <test-method signature="readFrmTextFile()[pri:0, instance:testSce.ThruTextFile@2c767a52]" started-at="2025-07-16T21:48:04 IST" name="readFrmTextFile" finished-at="2025-07-16T21:48:04 IST" duration-ms="3" status="PASS">
          <reporter-output>
          </reporter-output>
        </test-method> <!-- readFrmTextFile -->
      </class> <!-- testSce.ThruTextFile -->
      <class name="testSce.HandlingDynData">
        <test-method signature="dynData()[pri:0, instance:testSce.HandlingDynData@481a996b]" started-at="2025-07-16T21:47:58 IST" name="dynData" finished-at="2025-07-16T21:48:04 IST" duration-ms="6514" status="PASS">
          <reporter-output>
          </reporter-output>
        </test-method> <!-- dynData -->
      </class> <!-- testSce.HandlingDynData -->
      <class name="testSce.SwitchingWin">
        <test-method signature="switchWindow()[pri:0, instance:testSce.SwitchingWin@68999068]" started-at="2025-07-16T21:48:16 IST" name="switchWindow" finished-at="2025-07-16T21:48:28 IST" duration-ms="11342" status="PASS">
          <reporter-output>
          </reporter-output>
        </test-method> <!-- switchWindow -->
      </class> <!-- testSce.SwitchingWin -->
      <class name="testSce.CompareWT">
        <test-method signature="readFrmTxtFile()[pri:1, instance:testSce.CompareWT@619713e5]" started-at="2025-07-16T21:48:04 IST" name="readFrmTxtFile" finished-at="2025-07-16T21:48:04 IST" duration-ms="5" status="PASS">
          <reporter-output>
          </reporter-output>
        </test-method> <!-- readFrmTxtFile -->
        <test-method signature="readFrmWT()[pri:2, instance:testSce.CompareWT@619713e5]" started-at="2025-07-16T21:48:04 IST" name="readFrmWT" finished-at="2025-07-16T21:48:12 IST" duration-ms="7710" status="PASS">
          <reporter-output>
          </reporter-output>
        </test-method> <!-- readFrmWT -->
        <test-method signature="compareData()[pri:3, instance:testSce.CompareWT@619713e5]" started-at="2025-07-16T21:48:12 IST" name="compareData" finished-at="2025-07-16T21:48:12 IST" duration-ms="3" status="PASS">
          <reporter-output>
          </reporter-output>
        </test-method> <!-- compareData -->
      </class> <!-- testSce.CompareWT -->
      <class name="testSce.ReadFrmWebTable">
        <test-method signature="ReadwebTable()[pri:0, instance:testSce.ReadFrmWebTable@708f5957]" started-at="2025-07-16T21:48:12 IST" name="ReadwebTable" finished-at="2025-07-16T21:48:16 IST" duration-ms="4487" status="PASS">
          <reporter-output>
          </reporter-output>
        </test-method> <!-- ReadwebTable -->
      </class> <!-- testSce.ReadFrmWebTable -->
    </test> <!-- Test -->
  </suite> <!-- Suite -->
</testng-results>
