<?xml version="1.0" encoding="UTF-8"?>
<testng-results ignored="1" total="15" passed="14" failed="0" skipped="0">
  <reporter-output>
  </reporter-output>
  <suite started-at="2025-05-02T17:13:42 IST" name="Suite" finished-at="2025-05-02T17:14:51 IST" duration-ms="69046">
    <groups>
    </groups>
    <test started-at="2025-05-02T17:13:42 IST" name="Test" finished-at="2025-05-02T17:14:51 IST" duration-ms="69046">
      <class name="testScenarios.Rediff">
        <test-method signature="openBrowser()[pri:1, instance:testScenarios.Rediff@192d43ce]" started-at="2025-05-02T17:13:49 IST" name="openBrowser" description="Launch Rediff" finished-at="2025-05-02T17:13:57 IST" duration-ms="7512" status="PASS">
          <reporter-output>
          </reporter-output>
        </test-method> <!-- openBrowser -->
        <test-method signature="loginRediff()[pri:2, instance:testScenarios.Rediff@192d43ce]" started-at="2025-05-02T17:13:57 IST" name="loginRediff" description="Login Rediff-Soft Assert" finished-at="2025-05-02T17:13:58 IST" duration-ms="520" status="PASS">
          <reporter-output>
          </reporter-output>
        </test-method> <!-- loginRediff -->
        <test-method signature="closeBrowser()[pri:3, instance:testScenarios.Rediff@192d43ce]" started-at="2025-05-02T17:13:58 IST" name="closeBrowser" description="Close Rediff" finished-at="2025-05-02T17:13:59 IST" duration-ms="1417" status="PASS">
          <reporter-output>
          </reporter-output>
        </test-method> <!-- closeBrowser -->
      </class> <!-- testScenarios.Rediff -->
      <class name="testScenarios.SwitchingWindows">
        <test-method signature="switchWin()[pri:0, instance:testScenarios.SwitchingWindows@72057ecf]" started-at="2025-05-02T17:13:59 IST" name="switchWin" finished-at="2025-05-02T17:14:06 IST" duration-ms="6718" status="PASS">
          <reporter-output>
          </reporter-output>
        </test-method> <!-- switchWin -->
      </class> <!-- testScenarios.SwitchingWindows -->
      <class name="testScenarios.MouseHover">
        <test-method signature="dragAndDrop()[pri:0, instance:testScenarios.MouseHover@1afd44cb]" started-at="2025-05-02T17:14:06 IST" name="dragAndDrop" finished-at="2025-05-02T17:14:15 IST" duration-ms="9407" status="PASS">
          <reporter-output>
          </reporter-output>
        </test-method> <!-- dragAndDrop -->
      </class> <!-- testScenarios.MouseHover -->
      <class name="testScenarios.DP">
        <test-method signature="login(java.lang.String,java.lang.String)[pri:0, instance:testScenarios.DP@5f058f00]" started-at="2025-05-02T17:13:49 IST" name="login" data-provider="data" finished-at="2025-05-02T17:13:49 IST" duration-ms="3" status="PASS">
          <params>
            <param index="0">
              <value>
                <![CDATA[jack]]>
              </value>
            </param>
            <param index="1">
              <value>
                <![CDATA[jack123]]>
              </value>
            </param>
          </params>
          <reporter-output>
          </reporter-output>
        </test-method> <!-- login -->
        <test-method signature="login(java.lang.String,java.lang.String)[pri:0, instance:testScenarios.DP@5f058f00]" started-at="2025-05-02T17:13:49 IST" name="login" data-provider="data" finished-at="2025-05-02T17:13:49 IST" duration-ms="1" status="PASS">
          <params>
            <param index="0">
              <value>
                <![CDATA[riya]]>
              </value>
            </param>
            <param index="1">
              <value>
                <![CDATA[riya222]]>
              </value>
            </param>
          </params>
          <reporter-output>
          </reporter-output>
        </test-method> <!-- login -->
        <test-method signature="login(java.lang.String,java.lang.String)[pri:0, instance:testScenarios.DP@5f058f00]" started-at="2025-05-02T17:13:49 IST" name="login" data-provider="data" finished-at="2025-05-02T17:13:49 IST" duration-ms="1" status="PASS">
          <params>
            <param index="0">
              <value>
                <![CDATA[tani]]>
              </value>
            </param>
            <param index="1">
              <value>
                <![CDATA[tani222]]>
              </value>
            </param>
          </params>
          <reporter-output>
          </reporter-output>
        </test-method> <!-- login -->
      </class> <!-- testScenarios.DP -->
      <class name="testScenarios.HandlingDynData">
        <test-method signature="dynData()[pri:0, instance:testScenarios.HandlingDynData@5119fb47]" started-at="2025-05-02T17:13:42 IST" name="dynData" finished-at="2025-05-02T17:13:49 IST" duration-ms="7573" status="PASS">
          <reporter-output>
          </reporter-output>
        </test-method> <!-- dynData -->
      </class> <!-- testScenarios.HandlingDynData -->
      <class name="testScenarios.ReadFrmWebTable">
        <test-method signature="ReadwebTable()[pri:0, instance:testScenarios.ReadFrmWebTable@1ab3a8c8]" started-at="2025-05-02T17:14:23 IST" name="ReadwebTable" finished-at="2025-05-02T17:14:51 IST" duration-ms="28273" status="PASS">
          <reporter-output>
          </reporter-output>
        </test-method> <!-- ReadwebTable -->
      </class> <!-- testScenarios.ReadFrmWebTable -->
      <class name="testScenarios.CompareWecTable">
        <test-method signature="readFrmTxtFile()[pri:1, instance:testScenarios.CompareWecTable@6973b51b]" started-at="2025-05-02T17:14:15 IST" name="readFrmTxtFile" finished-at="2025-05-02T17:14:15 IST" duration-ms="4" status="PASS">
          <reporter-output>
          </reporter-output>
        </test-method> <!-- readFrmTxtFile -->
        <test-method signature="readFrmWebTb()[pri:2, instance:testScenarios.CompareWecTable@6973b51b]" started-at="2025-05-02T17:14:15 IST" name="readFrmWebTb" finished-at="2025-05-02T17:14:23 IST" duration-ms="7532" status="PASS">
          <reporter-output>
          </reporter-output>
        </test-method> <!-- readFrmWebTb -->
        <test-method signature="compare()[pri:3, instance:testScenarios.CompareWecTable@6973b51b]" started-at="2025-05-02T17:14:23 IST" name="compare" finished-at="2025-05-02T17:14:23 IST" duration-ms="1" status="PASS">
          <reporter-output>
          </reporter-output>
        </test-method> <!-- compare -->
      </class> <!-- testScenarios.CompareWecTable -->
      <class name="testScenarios.ThruTextFile">
        <test-method signature="readFrmTextFile()[pri:0, instance:testScenarios.ThruTextFile@43195e57]" started-at="2025-05-02T17:14:51 IST" name="readFrmTextFile" finished-at="2025-05-02T17:14:51 IST" duration-ms="3" status="PASS">
          <reporter-output>
          </reporter-output>
        </test-method> <!-- readFrmTextFile -->
      </class> <!-- testScenarios.ThruTextFile -->
    </test> <!-- Test -->
  </suite> <!-- Suite -->
</testng-results>
