<?xml version="1.0" encoding="UTF-8"?>
<!-- Generated by org.testng.reporters.JUnitReportReporter -->
<testsuite hostname="LAPTOP-BIM2FR3V" failures="0" tests="3" name="testSce.CompareWT" time="7.718" errors="0" timestamp="2025-07-16T21:48:39 IST" skipped="0">
  <testcase classname="testSce.CompareWT" name="readFrmTxtFile" time="0.005"/>
  <system-out/>
  <testcase classname="testSce.CompareWT" name="readFrmWT" time="7.710"/>
  <system-out/>
  <testcase classname="testSce.CompareWT" name="compareData" time="0.003"/>
  <system-out/>
</testsuite> <!-- testSce.CompareWT -->
