<?xml version="1.0" encoding="UTF-8"?>
<!-- Generated by org.testng.reporters.JUnitReportReporter -->
<testsuite hostname="LAPTOP-BIM2FR3V" failures="0" tests="3" name="testSce.CompareWT" time="5.242" errors="0" timestamp="2025-07-17T22:05:51 IST" skipped="0">
  <testcase classname="testSce.CompareWT" name="readFrmTxtFile" time="0.001"/>
  <testcase classname="testSce.CompareWT" name="readFrmWT" time="5.240"/>
  <testcase classname="testSce.CompareWT" name="compareData" time="0.001"/>
</testsuite> <!-- testSce.CompareWT -->
